2023-04-11 23:21:11,248 [INFO] Activator:176 - 


2023-04-11 23:21:11,252 [INFO] Activator:177 - !SESSION log4j initialized
2023-04-11 23:21:16,674 [INFO] LogOutputStream:77 - [STDOUT_REDIRECT] 
2023-04-11 23:21:42,165 [ERROR] LogOutputStream:75 - [STDERR_REDIRECT] SLF4J: Failed to load class "org.slf4j.impl.StaticLoggerBinder".
2023-04-11 23:21:42,165 [ERROR] LogOutputStream:75 - [STDERR_REDIRECT] SLF4J: Defaulting to no-operation (NOP) logger implementation
2023-04-11 23:21:42,166 [ERROR] LogOutputStream:75 - [STDERR_REDIRECT] SLF4J: See http://www.slf4j.org/codes.html#StaticLoggerBinder for further details.
2023-04-11 23:35:18,990 [INFO] ApplicationProperties:184 - Using Application install path: D:\lam\STM32CubeIDE_1.7.0\STM32CubeIDE\plugins\com.st.stm32cube.common.mx_6.8.0.202302231600
2023-04-11 23:35:19,007 [INFO] DbMcusXml:78 - Set database path to: D:\lam\STM32CubeIDE_1.7.0\STM32CubeIDE\plugins\com.st.stm32cube.common.mx_6.8.0.202302231600\\db\/mcu/
2023-04-11 23:35:19,007 [INFO] ApiDb:274 - Set plugin database path to: D:\lam\STM32CubeIDE_1.7.0\STM32CubeIDE\plugins\com.st.stm32cube.common.mx_6.8.0.202302231600\\db\/plugins/boardmanager/
2023-04-11 23:35:19,009 [WARN] ApiDb:259 - Overriding images path with different value:  => D:\lam\STM32CubeIDE_1.7.0\STM32CubeIDE\plugins\com.st.stm32cube.common.mx_6.8.0.202302231600\\db\/plugins/mcufinder/images/
2023-04-11 23:35:19,024 [INFO] ApiDb:250 - Set database path to: C:\Users\Windows\.stmcufinder\plugins\mcufinder//mcu/
2023-04-11 23:35:19,025 [INFO] DbMcusAds:125 - Set database path to: C:\Users\Windows\.stmcufinder\plugins\mcufinder//mcu/
2023-04-11 23:35:19,068 [INFO] CrossReferenceDbSqlite:203 - Set database path to: C:\Users\Windows\.stmcufinder\plugins\mcufinder//mcu/cs/
2023-04-11 23:35:19,145 [INFO] RulesReader:64 - Compatibility file has been processed (293 Rules)
2023-04-11 23:35:19,196 [INFO] DbMcusXml:78 - Set database path to: D:\lam\STM32CubeIDE_1.7.0\STM32CubeIDE\plugins\com.st.stm32cube.common.mx_6.8.0.202302231600\\db\/mcu/
2023-04-11 23:35:19,197 [INFO] ApiDb:274 - Set plugin database path to: D:\lam\STM32CubeIDE_1.7.0\STM32CubeIDE\plugins\com.st.stm32cube.common.mx_6.8.0.202302231600\\db\/plugins/boardmanager/
2023-04-11 23:35:19,197 [INFO] ApiDb:261 - Set plugin images path to: D:\lam\STM32CubeIDE_1.7.0\STM32CubeIDE\plugins\com.st.stm32cube.common.mx_6.8.0.202302231600\\db\/plugins/mcufinder/images/
2023-04-11 23:35:19,197 [WARN] DbFile:41 - Overriding database path with different value: C:\Users\Windows\.stmcufinder\plugins\mcufinder/ => C:\Users\Windows\.stmcufinder\plugins\mcufinder
2023-04-11 23:35:19,197 [INFO] ApiDb:250 - Set database path to: C:\Users\Windows\.stmcufinder\plugins\mcufinder//mcu/
2023-04-11 23:35:19,197 [WARN] DbFile:41 - Overriding database path with different value: C:\Users\Windows\.stmcufinder\plugins\mcufinder/ => C:\Users\Windows\.stmcufinder\plugins\mcufinder
2023-04-11 23:35:19,197 [INFO] DbMcusAds:125 - Set database path to: C:\Users\Windows\.stmcufinder\plugins\mcufinder//mcu/
2023-04-11 23:35:19,197 [WARN] DbFile:41 - Overriding database path with different value: C:\Users\Windows\.stmcufinder\plugins\mcufinder/ => C:\Users\Windows\.stmcufinder\plugins\mcufinder
2023-04-11 23:35:19,197 [WARN] DbFile:41 - Overriding database path with different value: C:\Users\Windows\.stmcufinder\plugins\mcufinder/ => C:\Users\Windows\.stmcufinder\plugins\mcufinder
2023-04-11 23:35:19,198 [INFO] CrossReferenceDbSqlite:203 - Set database path to: C:\Users\Windows\.stmcufinder\plugins\mcufinder//mcu/cs/
2023-04-11 23:35:19,247 [INFO] MainPanel:253 - HeapMemory: 575668224
2023-04-11 23:35:19,299 [INFO] DbMcusXml:78 - Set database path to: D:\lam\STM32CubeIDE_1.7.0\STM32CubeIDE\plugins\com.st.stm32cube.common.mx_6.8.0.202302231600\\db\/mcu/
2023-04-11 23:35:19,299 [INFO] ApiDb:274 - Set plugin database path to: D:\lam\STM32CubeIDE_1.7.0\STM32CubeIDE\plugins\com.st.stm32cube.common.mx_6.8.0.202302231600\\db\/plugins/boardmanager/
2023-04-11 23:35:19,299 [INFO] ApiDb:261 - Set plugin images path to: D:\lam\STM32CubeIDE_1.7.0\STM32CubeIDE\plugins\com.st.stm32cube.common.mx_6.8.0.202302231600\\db\/plugins/mcufinder/images/
2023-04-11 23:35:19,300 [WARN] DbFile:41 - Overriding database path with different value: C:\Users\Windows\.stmcufinder\plugins\mcufinder/ => C:\Users\Windows\.stmcufinder\plugins\mcufinder
2023-04-11 23:35:19,300 [INFO] ApiDb:250 - Set database path to: C:\Users\Windows\.stmcufinder\plugins\mcufinder//mcu/
2023-04-11 23:35:19,300 [WARN] DbFile:41 - Overriding database path with different value: C:\Users\Windows\.stmcufinder\plugins\mcufinder/ => C:\Users\Windows\.stmcufinder\plugins\mcufinder
2023-04-11 23:35:19,300 [INFO] DbMcusAds:125 - Set database path to: C:\Users\Windows\.stmcufinder\plugins\mcufinder//mcu/
2023-04-11 23:35:19,300 [WARN] DbFile:41 - Overriding database path with different value: C:\Users\Windows\.stmcufinder\plugins\mcufinder/ => C:\Users\Windows\.stmcufinder\plugins\mcufinder
2023-04-11 23:35:19,300 [WARN] DbFile:41 - Overriding database path with different value: C:\Users\Windows\.stmcufinder\plugins\mcufinder/ => C:\Users\Windows\.stmcufinder\plugins\mcufinder
2023-04-11 23:35:19,300 [INFO] CrossReferenceDbSqlite:203 - Set database path to: C:\Users\Windows\.stmcufinder\plugins\mcufinder//mcu/cs/
2023-04-11 23:35:19,313 [INFO] ApplicationProperties:184 - Using Application install path: D:\lam\STM32CubeIDE_1.7.0\STM32CubeIDE\plugins\com.st.stm32cube.common.mx_6.8.0.202302231600
2023-04-11 23:35:19,314 [INFO] PluginManage:196 - Search for loadable plugins [exclusion list=, ]
2023-04-11 23:35:19,315 [INFO] PluginManage:310 - Check plugin analytics
2023-04-11 23:35:24,018 [INFO] AnalyticsPlugin:253 - Accepted Software Licenses: 
2023-04-11 23:35:24,019 [INFO] AnalyticsPlugin:255 - Accepted CMSIS Pack Licenses: 
2023-04-11 23:35:24,019 [INFO] AnalyticsPlugin:257 - Accepted Firmware Licenses: 
2023-04-11 23:35:24,027 [INFO] PluginManage:359 - Loaded plugin analytics (category:tool,tabindex:-1)
2023-04-11 23:35:24,027 [INFO] PluginManage:310 - Check plugin cadmodel
2023-04-11 23:35:24,029 [INFO] CADModel:105 - Init CAD model plugin
2023-04-11 23:35:24,030 [INFO] PluginManage:359 - Loaded plugin cadmodel (category:power,tabindex:5)
2023-04-11 23:35:24,030 [INFO] PluginManage:310 - Check plugin clock
2023-04-11 23:35:24,037 [INFO] PluginManage:359 - Loaded plugin clock (category:base,tabindex:2)
2023-04-11 23:35:24,038 [INFO] PluginManage:310 - Check plugin ddr
2023-04-11 23:35:24,039 [INFO] PluginManage:359 - Loaded plugin ddr (category:tool,tabindex:6)
2023-04-11 23:35:24,039 [INFO] PluginManage:310 - Check plugin filemanager
2023-04-11 23:35:24,145 [INFO] PluginManage:359 - Loaded plugin filemanager (category:base,tabindex:10)
2023-04-11 23:35:24,145 [INFO] PluginManage:310 - Check plugin ipmanager
2023-04-11 23:35:24,151 [INFO] PluginManage:359 - Loaded plugin ipmanager (category:base,tabindex:5)
2023-04-11 23:35:24,151 [INFO] PluginManage:310 - Check plugin lpbam
2023-04-11 23:35:24,158 [INFO] PluginManage:359 - Loaded plugin lpbam (category:base,tabindex:0)
2023-04-11 23:35:24,158 [INFO] PluginManage:310 - Check plugin pinoutandconfiguration
2023-04-11 23:35:24,165 [INFO] PluginManage:359 - Loaded plugin pinoutandconfiguration (category:base,tabindex:1)
2023-04-11 23:35:24,165 [INFO] PluginManage:310 - Check plugin pinoutconfig
2023-04-11 23:35:24,214 [WARN] SupportedApi:132 - Cannot load RTOS API schema: s4s-elt-must-match.1: The content of 'definitions' must match (annotation?, (simpleType | complexType)?, (unique | key | keyref)*)). A problem was found starting at: attribute.
2023-04-11 23:35:24,322 [INFO] PluginManage:359 - Loaded plugin pinoutconfig (category:base,tabindex:0)
2023-04-11 23:35:24,322 [INFO] PluginManage:310 - Check plugin power
2023-04-11 23:35:24,328 [INFO] PluginManage:359 - Loaded plugin power (category:power,tabindex:4)
2023-04-11 23:35:24,329 [INFO] PluginManage:310 - Check plugin projectmanager
2023-04-11 23:35:24,342 [INFO] PluginManage:359 - Loaded plugin projectmanager (category:projectmanager,tabindex:3)
2023-04-11 23:35:24,343 [INFO] PluginManage:310 - Check plugin thirdparty
2023-04-11 23:35:24,428 [INFO] PluginManage:359 - Loaded plugin thirdparty (category:base,tabindex:-1)
2023-04-11 23:35:24,427 [WARN] IntegrityCheckThread:84 - waiting for thirdparty lock release [integrity check]
2023-04-11 23:35:24,428 [INFO] PluginManage:310 - Check plugin tools
2023-04-11 23:35:24,428 [INFO] IntegrityCheckThread:86 - entering critical section [integrity check]
2023-04-11 23:35:24,431 [INFO] ThirdPartyUpdaterWithRetryManager:70 - Updater plugin not ready yet. [1/15]
2023-04-11 23:35:24,431 [INFO] PluginManage:359 - Loaded plugin tools (category:base,tabindex:7)
2023-04-11 23:35:24,431 [INFO] PluginManage:310 - Check plugin tutovideos
2023-04-11 23:35:24,593 [INFO] PluginManage:359 - Loaded plugin tutovideos (category:base,tabindex:-1)
2023-04-11 23:35:24,593 [INFO] PluginManage:310 - Check plugin updater
2023-04-11 23:35:24,605 [INFO] PluginManage:359 - Loaded plugin updater (category:base,tabindex:12)
2023-04-11 23:35:24,605 [INFO] PluginManage:283 - PluginManage : Loaded plugins [15]
2023-04-11 23:35:24,786 [INFO] PinOutPanel:1499 - setPackage(No Configuration,No Configuration)
2023-04-11 23:35:24,834 [INFO] CADModel:165 - CPN selected for project level
2023-04-11 23:35:24,834 [INFO] CADModel:114 - Register for checkConnection events
2023-04-11 23:35:24,847 [INFO] IPUIPlugin:80 - create IPUIPlugin
2023-04-11 23:35:24,847 [INFO] PluginManager:220 - loadIPPluginJar : add adc
2023-04-11 23:35:24,848 [INFO] IPUIPlugin:80 - create IPUIPlugin
2023-04-11 23:35:24,849 [INFO] PluginManager:220 - loadIPPluginJar : add aes
2023-04-11 23:35:24,850 [INFO] IPUIPlugin:80 - create IPUIPlugin
2023-04-11 23:35:24,850 [INFO] PluginManager:220 - loadIPPluginJar : add can
2023-04-11 23:35:24,851 [INFO] IPUIPlugin:80 - create IPUIPlugin
2023-04-11 23:35:24,851 [INFO] PluginManager:220 - loadIPPluginJar : add comp
2023-04-11 23:35:24,853 [INFO] IPUIPlugin:80 - create IPUIPlugin
2023-04-11 23:35:24,853 [INFO] PluginManager:220 - loadIPPluginJar : add cryp
2023-04-11 23:35:24,854 [INFO] IPUIPlugin:80 - create IPUIPlugin
2023-04-11 23:35:24,854 [INFO] PluginManager:220 - loadIPPluginJar : add dfsdm
2023-04-11 23:35:24,859 [INFO] IPUIPlugin:80 - create IPUIPlugin
2023-04-11 23:35:24,859 [INFO] PluginManager:220 - loadIPPluginJar : add dma
2023-04-11 23:35:24,861 [INFO] IPUIPlugin:80 - create IPUIPlugin
2023-04-11 23:35:24,861 [INFO] PluginManager:220 - loadIPPluginJar : add dma3
2023-04-11 23:35:24,862 [INFO] IPUIPlugin:80 - create IPUIPlugin
2023-04-11 23:35:24,862 [INFO] PluginManager:220 - loadIPPluginJar : add fatfs
2023-04-11 23:35:24,865 [INFO] IPUIPlugin:80 - create IPUIPlugin
2023-04-11 23:35:24,865 [INFO] PluginManager:220 - loadIPPluginJar : add fmc
2023-04-11 23:35:24,869 [INFO] IPUIPlugin:80 - create IPUIPlugin
2023-04-11 23:35:24,869 [INFO] PluginManager:220 - loadIPPluginJar : add freertos
2023-04-11 23:35:24,870 [INFO] IPUIPlugin:80 - create IPUIPlugin
2023-04-11 23:35:24,870 [INFO] PluginManager:220 - loadIPPluginJar : add genericplugin
2023-04-11 23:35:24,871 [INFO] IPUIPlugin:80 - create IPUIPlugin
2023-04-11 23:35:24,872 [INFO] PluginManager:220 - loadIPPluginJar : add gfxmmu
2023-04-11 23:35:24,875 [INFO] IPUIPlugin:80 - create IPUIPlugin
2023-04-11 23:35:24,875 [INFO] PluginManager:220 - loadIPPluginJar : add gic
2023-04-11 23:35:24,878 [INFO] IPUIPlugin:80 - create IPUIPlugin
2023-04-11 23:35:24,878 [INFO] PluginManager:220 - loadIPPluginJar : add gpio
2023-04-11 23:35:24,880 [INFO] IPUIPlugin:80 - create IPUIPlugin
2023-04-11 23:35:24,880 [INFO] PluginManager:220 - loadIPPluginJar : add gtzc
2023-04-11 23:35:24,881 [INFO] IPUIPlugin:80 - create IPUIPlugin
2023-04-11 23:35:24,881 [INFO] PluginManager:220 - loadIPPluginJar : add hash
2023-04-11 23:35:24,883 [INFO] IPUIPlugin:80 - create IPUIPlugin
2023-04-11 23:35:24,883 [INFO] PluginManager:220 - loadIPPluginJar : add i2c
2023-04-11 23:35:24,884 [INFO] IPUIPlugin:80 - create IPUIPlugin
2023-04-11 23:35:24,884 [INFO] PluginManager:220 - loadIPPluginJar : add i2s
2023-04-11 23:35:24,886 [INFO] IPUIPlugin:80 - create IPUIPlugin
2023-04-11 23:35:24,886 [INFO] PluginManager:220 - loadIPPluginJar : add i3c
2023-04-11 23:35:24,888 [INFO] IPUIPlugin:80 - create IPUIPlugin
2023-04-11 23:35:24,888 [INFO] PluginManager:220 - loadIPPluginJar : add ipddr
2023-04-11 23:35:24,893 [INFO] IPUIPlugin:80 - create IPUIPlugin
2023-04-11 23:35:24,893 [INFO] PluginManager:220 - loadIPPluginJar : add linkedlist
2023-04-11 23:35:24,895 [INFO] IPUIPlugin:80 - create IPUIPlugin
2023-04-11 23:35:24,895 [INFO] PluginManager:220 - loadIPPluginJar : add lorawan
2023-04-11 23:35:24,896 [INFO] IPUIPlugin:80 - create IPUIPlugin
2023-04-11 23:35:24,896 [INFO] PluginManager:220 - loadIPPluginJar : add ltdc
2023-04-11 23:35:24,900 [INFO] IPUIPlugin:80 - create IPUIPlugin
2023-04-11 23:35:24,900 [INFO] PluginManager:220 - loadIPPluginJar : add mdma
2023-04-11 23:35:24,902 [INFO] IPUIPlugin:80 - create IPUIPlugin
2023-04-11 23:35:24,902 [INFO] PluginManager:220 - loadIPPluginJar : add nvic
2023-04-11 23:35:24,904 [INFO] IPUIPlugin:80 - create IPUIPlugin
2023-04-11 23:35:24,904 [INFO] PluginManager:220 - loadIPPluginJar : add opamp
2023-04-11 23:35:24,906 [INFO] IPUIPlugin:80 - create IPUIPlugin
2023-04-11 23:35:24,906 [INFO] PluginManager:220 - loadIPPluginJar : add openamp
2023-04-11 23:35:24,907 [INFO] IPUIPlugin:80 - create IPUIPlugin
2023-04-11 23:35:24,908 [INFO] PluginManager:220 - loadIPPluginJar : add pdm2pcm
2023-04-11 23:35:24,912 [INFO] IPUIPlugin:80 - create IPUIPlugin
2023-04-11 23:35:24,914 [INFO] PluginManager:220 - loadIPPluginJar : add plateformsettings
2023-04-11 23:35:24,915 [INFO] IPUIPlugin:80 - create IPUIPlugin
2023-04-11 23:35:24,915 [INFO] PluginManager:220 - loadIPPluginJar : add quadspi
2023-04-11 23:35:24,917 [INFO] IPUIPlugin:80 - create IPUIPlugin
2023-04-11 23:35:24,918 [INFO] PluginManager:220 - loadIPPluginJar : add resmgrutility
2023-04-11 23:35:24,919 [INFO] IPUIPlugin:80 - create IPUIPlugin
2023-04-11 23:35:24,919 [INFO] PluginManager:220 - loadIPPluginJar : add sai
2023-04-11 23:35:24,921 [INFO] IPUIPlugin:80 - create IPUIPlugin
2023-04-11 23:35:24,921 [INFO] PluginManager:220 - loadIPPluginJar : add spi
2023-04-11 23:35:24,924 [INFO] IPUIPlugin:80 - create IPUIPlugin
2023-04-11 23:35:24,924 [INFO] PluginManager:220 - loadIPPluginJar : add stm32_wpan
2023-04-11 23:35:24,925 [INFO] IPUIPlugin:80 - create IPUIPlugin
2023-04-11 23:35:24,925 [INFO] PluginManager:220 - loadIPPluginJar : add tim
2023-04-11 23:35:24,927 [INFO] IPUIPlugin:80 - create IPUIPlugin
2023-04-11 23:35:24,927 [INFO] PluginManager:220 - loadIPPluginJar : add touchsensing
2023-04-11 23:35:24,929 [INFO] IPUIPlugin:80 - create IPUIPlugin
2023-04-11 23:35:24,929 [INFO] PluginManager:220 - loadIPPluginJar : add tracer_emb
2023-04-11 23:35:24,930 [INFO] IPUIPlugin:80 - create IPUIPlugin
2023-04-11 23:35:24,930 [INFO] PluginManager:220 - loadIPPluginJar : add ts
2023-04-11 23:35:24,931 [INFO] IPUIPlugin:80 - create IPUIPlugin
2023-04-11 23:35:24,931 [INFO] PluginManager:220 - loadIPPluginJar : add tsc
2023-04-11 23:35:24,932 [INFO] IPUIPlugin:80 - create IPUIPlugin
2023-04-11 23:35:24,932 [INFO] PluginManager:220 - loadIPPluginJar : add ucpd
2023-04-11 23:35:24,934 [INFO] IPUIPlugin:80 - create IPUIPlugin
2023-04-11 23:35:24,934 [INFO] PluginManager:220 - loadIPPluginJar : add usart
2023-04-11 23:35:24,936 [INFO] IPUIPlugin:80 - create IPUIPlugin
2023-04-11 23:35:24,936 [INFO] PluginManager:220 - loadIPPluginJar : add usbx
2023-04-11 23:35:25,060 [INFO] CADModel:165 - CPN selected for project level
2023-04-11 23:35:25,060 [INFO] CADModel:114 - Register for checkConnection events
2023-04-11 23:35:25,060 [FATAL] Updater:308 - Updater called before beeing initialized
2023-04-11 23:35:25,061 [ERROR] CADModel:125 - Updater not yet initialized, retry later 
2023-04-11 23:35:25,222 [INFO] CADModel:165 - CPN selected for project level
2023-04-11 23:35:25,222 [INFO] CADModel:114 - Register for checkConnection events
2023-04-11 23:35:25,222 [FATAL] Updater:308 - Updater called before beeing initialized
2023-04-11 23:35:25,222 [ERROR] CADModel:125 - Updater not yet initialized, retry later 
2023-04-11 23:35:25,225 [FATAL] Updater:308 - Updater called before beeing initialized
2023-04-11 23:35:25,307 [FATAL] Updater:308 - Updater called before beeing initialized
2023-04-11 23:35:25,314 [INFO] DbMcusAds:53 - JSON generation date=Tue Mar 07 15:50:55 ICT 2023 (1678179055335)
2023-04-11 23:35:25,314 [FATAL] Updater:308 - Updater called before beeing initialized
2023-04-11 23:35:25,341 [WARN] DetailPanel:346 - Failed to get advertising image, set to default
2023-04-11 23:35:25,446 [FATAL] Updater:308 - Updater called before beeing initialized
2023-04-11 23:35:25,448 [FATAL] Updater:308 - Updater called before beeing initialized
2023-04-11 23:35:25,448 [FATAL] Updater:308 - Updater called before beeing initialized
2023-04-11 23:35:25,448 [WARN] DetailPanel:346 - Failed to get advertising image, set to default
2023-04-11 23:35:25,449 [FATAL] Updater:308 - Updater called before beeing initialized
2023-04-11 23:35:25,492 [ERROR] Updater:1120 - MainUpdater not yet initialized. External WinMGr cannot be set.
2023-04-11 23:35:25,494 [INFO] Updater:1056 - Updater Version found : 6.8.0
2023-04-11 23:35:25,508 [INFO] ApplicationProperties:184 - Using Application install path: D:\lam\STM32CubeIDE_1.7.0\STM32CubeIDE\plugins\com.st.stm32cube.common.mx_6.8.0.202302231600
2023-04-11 23:35:25,532 [INFO] MainUpdater:519 - Copy updater definitions from MX database
2023-04-11 23:35:25,574 [INFO] MainUpdater:2854 - connection check result : 10
2023-04-11 23:35:25,574 [INFO] MainUpdater:3548 - Updater definition file requires update
2023-04-11 23:35:25,575 [INFO] MainUpdater:283 - Updater Check For Update Now.
2023-04-11 23:35:25,575 [INFO] MicroXplorer:498 - Change Database Version : DB.6.0.80
2023-04-11 23:35:26,168 [INFO] ServerAccessManage:473 - Download File updaters.zip
2023-04-11 23:35:26,572 [INFO] FileExtend:240 - Unzip File : updaters.zip
2023-04-11 23:35:26,572 [INFO] FileExtend:255 - Standard Zip Deflate
2023-04-11 23:35:27,431 [WARN] MainUpdater:1187 - Updater busy. Cannot search thirdparties
2023-04-11 23:35:27,432 [INFO] ThirdPartyUpdaterWithRetryManager:96 - Updater plugin is busy. [1/15]
2023-04-11 23:35:28,382 [INFO] ServerAccessManage:473 - Download File PacksControlFlags.xml
2023-04-11 23:35:28,622 [INFO] ServerAccessManage:473 - Download File cubemx.pidx
2023-04-11 23:35:28,871 [INFO] ServerAccessManage:473 - Download File STMicroelectronics.FP-ATR-ASTRA1.pdsc
2023-04-11 23:35:29,340 [INFO] ServerAccessManage:473 - Download File STMicroelectronics.X-CUBE-FREERTOS.pdsc
2023-04-11 23:35:29,433 [ERROR] ConfigurationRetriever:142 - IOException on connection: Read timed out
2023-04-11 23:35:29,727 [INFO] ServerAccessManage:473 - Download File STMicroelectronics.X-CUBE-SMBUS.pdsc
2023-04-11 23:35:30,433 [WARN] MainUpdater:1187 - Updater busy. Cannot search thirdparties
2023-04-11 23:35:30,433 [INFO] ThirdPartyUpdaterWithRetryManager:96 - Updater plugin is busy. [2/15]
2023-04-11 23:35:31,091 [ERROR] ServerAccessManage:1089 - Problem, file not found on Server
2023-04-11 23:35:31,366 [INFO] ServerAccessManage:473 - Download File STMicroelectronics.X-CUBE-AZRTOS-H7.pdsc
2023-04-11 23:35:32,546 [WARN] PackLoader:240 - Cannot read IP mode file for STMicroelectronics.FP-ATR-ASTRA1.2.0.0
2023-04-11 23:35:32,546 [WARN] CheckServerUpdateThread:151 - Open CheckUpdateFile Fail
2023-04-11 23:35:32,557 [WARN] PackLoader:240 - Cannot read IP mode file for STMicroelectronics.X-CUBE-FREERTOS.1.0.1
2023-04-11 23:35:32,562 [WARN] PackLoader:240 - Cannot read IP mode file for STMicroelectronics.X-CUBE-SMBUS.2.1.0
2023-04-11 23:35:32,585 [WARN] ConditionMgr:438 - getConditionDescription Invalid condition id : UX DEVICE CLASS RTOS Condition cause : null
2023-04-11 23:35:32,586 [WARN] ConditionMgr:438 - getConditionDescription Invalid condition id : UX DEVICE CLASS RTOS Condition cause : null
2023-04-11 23:35:32,591 [WARN] PackLoader:240 - Cannot read IP mode file for STMicroelectronics.X-CUBE-AZRTOS-H7.3.1.0
2023-04-11 23:35:32,593 [WARN] ConditionMgr:1039 - genDependencies : Invalid condition id : UX DEVICE CLASS RTOS Condition cause : null
2023-04-11 23:35:32,593 [WARN] ConditionMgr:1039 - genDependencies : Invalid condition id : UX DEVICE CLASS RTOS Condition cause : null
2023-04-11 23:35:32,594 [WARN] ConditionMgr:1039 - genDependencies : Invalid condition id : UX DEVICE CLASS RTOS Condition cause : null
2023-04-11 23:35:32,594 [WARN] ConditionMgr:1039 - genDependencies : Invalid condition id : UX DEVICE CLASS RTOS Condition cause : null
2023-04-11 23:35:32,594 [WARN] ConditionMgr:1039 - genDependencies : Invalid condition id : UX DEVICE CLASS RTOS Condition cause : null
2023-04-11 23:35:32,597 [INFO] PopulateThirdPartyThread:66 - Ending populate Thread
2023-04-11 23:35:32,600 [INFO] ThirdParty:1030 - CMSIS Pack Vendor :STMicroelectronics FP-ATR-ASTRA1 2.0.0
2023-04-11 23:35:32,600 [INFO] ThirdParty:1030 - CMSIS Pack Vendor :STMicroelectronics X-CUBE-FREERTOS 1.0.1
2023-04-11 23:35:32,600 [INFO] ThirdParty:1030 - CMSIS Pack Vendor :STMicroelectronics X-CUBE-SMBUS 2.1.0
2023-04-11 23:35:32,600 [INFO] ThirdParty:1030 - CMSIS Pack Vendor :STMicroelectronics X-CUBE-AZRTOS-H7 3.1.0
2023-04-11 23:35:32,601 [INFO] LoadServerUpdatesThread:373 - End of LoadServerUpdate Thread
2023-04-11 23:35:32,666 [INFO] CheckServerUpdateThread:120 - End of CheckServer Thread
2023-04-11 23:35:32,803 [INFO] MainUpdater:2854 - connection check result : 10
2023-04-11 23:35:32,804 [INFO] MainUpdater:2854 - connection check result : 10
2023-04-11 23:35:32,901 [INFO] MicroXplorer:468 - Change Database Path : 
2023-04-11 23:35:32,901 [INFO] MicroXplorer:498 - Change Database Version : DB.6.0.80
2023-04-11 23:35:32,901 [WARN] ThirdParty:871 - waiting for thirdparty lock release [close project]
2023-04-11 23:35:33,543 [WARN] PackLoader:240 - Cannot read IP mode file for STMicroelectronics.X-CUBE-GNSS1.6.0.0
2023-04-11 23:35:33,561 [WARN] PackLoader:240 - Cannot read IP mode file for STMicroelectronics.X-CUBE-AZRTOS-F4.1.1.0
2023-04-11 23:35:33,567 [WARN] PackLoader:240 - Cannot read IP mode file for STMicroelectronics.X-CUBE-SMBUS.2.1.0
2023-04-11 23:35:33,574 [WARN] PackLoader:240 - Cannot read IP mode file for STMicroelectronics.X-CUBE-BLEMGR.1.2.0
2023-04-11 23:35:33,592 [WARN] PackLoader:240 - Cannot read IP mode file for STMicroelectronics.X-CUBE-AZRTOS-F7.1.1.0
2023-04-11 23:35:33,597 [WARN] PackLoader:240 - Cannot read IP mode file for STMicroelectronics.X-CUBE-BLE1.6.2.3
2023-04-11 23:35:33,601 [WARN] PackLoader:240 - Cannot read IP mode file for STMicroelectronics.X-CUBE-BLE1.6.2.4
2023-04-11 23:35:33,607 [WARN] PackLoader:240 - Cannot read IP mode file for emotas.I-CUBE-CANOPEN.1.1.3
2023-04-11 23:35:33,612 [WARN] PackLoader:240 - Cannot read IP mode file for STMicroelectronics.X-CUBE-BLEMGR.2.0.0
2023-04-11 23:35:33,617 [WARN] PackLoader:240 - Cannot read IP mode file for STMicroelectronics.X-CUBE-NFC4.2.0.5
2023-04-11 23:35:33,633 [WARN] ConditionMgr:438 - getConditionDescription Invalid condition id : UX DEVICE CLASS RTOS Condition cause : null
2023-04-11 23:35:33,633 [WARN] ConditionMgr:438 - getConditionDescription Invalid condition id : UX DEVICE CLASS RTOS Condition cause : null
2023-04-11 23:35:33,636 [WARN] PackLoader:240 - Cannot read IP mode file for STMicroelectronics.X-CUBE-AZRTOS-H7.3.1.0
2023-04-11 23:35:33,636 [WARN] ConditionMgr:1039 - genDependencies : Invalid condition id : UX DEVICE CLASS RTOS Condition cause : null
2023-04-11 23:35:33,636 [WARN] ConditionMgr:1039 - genDependencies : Invalid condition id : UX DEVICE CLASS RTOS Condition cause : null
2023-04-11 23:35:33,637 [WARN] ConditionMgr:1039 - genDependencies : Invalid condition id : UX DEVICE CLASS RTOS Condition cause : null
2023-04-11 23:35:33,637 [WARN] ConditionMgr:1039 - genDependencies : Invalid condition id : UX DEVICE CLASS RTOS Condition cause : null
2023-04-11 23:35:33,637 [WARN] ConditionMgr:1039 - genDependencies : Invalid condition id : UX DEVICE CLASS RTOS Condition cause : null
2023-04-11 23:35:33,644 [WARN] PackLoader:240 - Cannot read IP mode file for STMicroelectronics.X-CUBE-DISPLAY.3.0.0
2023-04-11 23:35:33,650 [WARN] PackLoader:240 - Cannot read IP mode file for wolfSSL.I-CUBE-wolfSSL.5.5.3
2023-04-11 23:35:33,654 [WARN] PackLoader:240 - Cannot read IP mode file for STMicroelectronics.X-CUBE-NFC7.1.0.0
2023-04-11 23:35:33,687 [WARN] PackLoader:240 - Cannot read IP mode file for STMicroelectronics.X-CUBE-MEMS1.9.3.0
2023-04-11 23:35:33,812 [WARN] PackLoader:240 - Cannot read IP mode file for STMicroelectronics.X-CUBE-EEPRMA1.4.1.0
2023-04-11 23:35:33,818 [WARN] PackLoader:240 - Cannot read IP mode file for WES.I-CUBE-Cesium.1.3.0
2023-04-11 23:35:33,822 [WARN] PackLoader:240 - Cannot read IP mode file for STMicroelectronics.X-CUBE-SFXS2LP1.4.0.0
2023-04-11 23:35:33,826 [WARN] PackLoader:240 - Cannot read IP mode file for STMicroelectronics.X-CUBE-BLE2.3.3.0
2023-04-11 23:35:33,834 [WARN] PackLoader:240 - Cannot read IP mode file for STMicroelectronics.X-CUBE-DISPLAY.2.2.0
2023-04-11 23:35:33,844 [WARN] PackLoader:240 - Cannot read IP mode file for STMicroelectronics.X-CUBE-TOF1.3.2.0
2023-04-11 23:35:33,864 [WARN] PackLoader:240 - Cannot read IP mode file for STMicroelectronics.X-CUBE-AZRTOS-H7.3.0.0
2023-04-11 23:35:33,870 [WARN] PackLoader:240 - Cannot read IP mode file for STMicroelectronics.X-CUBE-ISPU.1.1.0
2023-04-11 23:35:33,875 [WARN] PackLoader:240 - Cannot read IP mode file for RoweBots.I-CUBE-UNISONRTOS.5.5.0-4
2023-04-11 23:35:33,890 [WARN] PackLoader:240 - Cannot read IP mode file for STMicroelectronics.X-CUBE-AZRTOS-H7.2.1.0
2023-04-11 23:35:33,895 [WARN] PackLoader:240 - Cannot read IP mode file for STMicroelectronics.X-CUBE-AI.8.0.0
2023-04-11 23:35:33,898 [WARN] PackLoader:240 - Cannot read IP mode file for STMicroelectronics.X-CUBE-FREERTOS.1.0.0
2023-04-11 23:35:33,900 [WARN] PackLoader:240 - Cannot read IP mode file for STMicroelectronics.X-CUBE-FREERTOS.1.0.1
2023-04-11 23:35:33,903 [WARN] PackLoader:240 - Cannot read IP mode file for STMicroelectronics.X-CUBE-TOUCHGFX.4.21.0
2023-04-11 23:35:33,905 [WARN] PackLoader:240 - Cannot read IP mode file for STMicroelectronics.X-CUBE-TOUCHGFX.4.21.3
2023-04-11 23:35:33,935 [WARN] PackLoader:240 - Cannot read IP mode file for STMicroelectronics.X-CUBE-MEMS1.9.4.0
2023-04-11 23:35:34,059 [WARN] PackLoader:240 - Cannot read IP mode file for STMicroelectronics.X-CUBE-AI.7.3.0
2023-04-11 23:35:34,063 [WARN] PackLoader:240 - Cannot read IP mode file for STMicroelectronics.X-CUBE-ALGOBUILD.1.3.0
2023-04-11 23:35:34,077 [WARN] PackLoader:240 - Cannot read IP mode file for STMicroelectronics.X-CUBE-AZRTOS-L5.1.1.0
2023-04-11 23:35:34,092 [WARN] PackLoader:240 - Cannot read IP mode file for STMicroelectronics.X-CUBE-AZRTOS-G0.1.1.0
2023-04-11 23:35:34,102 [WARN] PackLoader:240 - Cannot read IP mode file for STMicroelectronics.X-CUBE-SUBG2.5.0.0
2023-04-11 23:35:34,109 [WARN] PackLoader:240 - Cannot read IP mode file for STMicroelectronics.X-CUBE-NFC4.3.0.0
2023-04-11 23:35:34,136 [WARN] PackLoader:240 - Cannot read IP mode file for SEGGER.I-CUBE-embOS.1.2.1
2023-04-11 23:35:34,167 [WARN] PackLoader:240 - Cannot read IP mode file for STMicroelectronics.X-CUBE-TOF1.3.3.0
2023-04-11 23:35:34,178 [WARN] PackLoader:240 - Cannot read IP mode file for STMicroelectronics.FP-ATR-ASTRA1.1.1.1
2023-04-11 23:35:34,183 [WARN] PackLoader:240 - Cannot read IP mode file for STMicroelectronics.X-CUBE-BLEMGR.1.3.0
2023-04-11 23:35:34,196 [WARN] PackLoader:240 - Cannot read IP mode file for STMicroelectronics.X-CUBE-AZRTOS-G4.1.0.0
2023-04-11 23:35:34,200 [WARN] PackLoader:240 - Cannot read IP mode file for STMicroelectronics.FP-ATR-SIGFOX1.3.2.0
2023-04-11 23:35:34,214 [WARN] PackLoader:240 - Cannot read IP mode file for STMicroelectronics.X-CUBE-AZRTOS-L4.1.0.0
2023-04-11 23:35:34,219 [WARN] PackLoader:240 - Cannot read IP mode file for STMicroelectronics.X-CUBE-TOUCHGFX.4.20.0
2023-04-11 23:35:34,227 [WARN] PackLoader:240 - Cannot read IP mode file for STMicroelectronics.X-CUBE-AZRTOS-WL.1.0.0
2023-04-11 23:35:34,232 [WARN] PackLoader:240 - Cannot read IP mode file for portGmbH.I-Cube-SoM-uGOAL.1.1.0
2023-04-11 23:35:34,235 [WARN] PackLoader:240 - Cannot read IP mode file for STMicroelectronics.X-CUBE-ALS.1.0.1
2023-04-11 23:35:34,265 [WARN] PackLoader:240 - Cannot read IP mode file for STMicroelectronics.X-CUBE-MEMS1.9.5.0
2023-04-11 23:35:34,404 [WARN] PackLoader:240 - Cannot read IP mode file for STMicroelectronics.X-CUBE-AZRTOS-WB.1.1.0
2023-04-11 23:35:34,437 [WARN] PackLoader:240 - Cannot read IP mode file for SEGGER.I-CUBE-embOS.1.3.1
2023-04-11 23:35:34,505 [WARN] PackLoader:240 - Cannot read IP mode file for STMicroelectronics.X-CUBE-AZRTOS-L5.1.0.0
2023-04-11 23:35:34,510 [WARN] PackLoader:240 - Cannot read IP mode file for STMicroelectronics.X-CUBE-EEPRMA1.3.1.1
2023-04-11 23:35:34,512 [WARN] PackLoader:240 - Cannot read IP mode file for STMicroelectronics.FP-ATR-ASTRA1.2.0.0
2023-04-11 23:35:34,513 [INFO] ThirdParty:978 - Integrity check success = true
2023-04-11 23:35:34,513 [INFO] IntegrityCheckThread:100 - exiting critical section [integrity check]
2023-04-11 23:35:34,513 [INFO] IntegrityCheckThread:103 - End integrity checks thread
2023-04-11 23:35:34,513 [INFO] ThirdParty:873 - entering critical section [close project]
2023-04-11 23:35:34,514 [INFO] ThirdParty:883 - exiting critical section [close project]
2023-04-11 23:35:34,519 [INFO] PinOutPanel:1499 - setPackage(No Configuration,No Configuration)
2023-04-11 23:35:34,525 [INFO] UtilMem:75 - Begin LoadConfig() Used Memory: 286580544 Bytes (799014912)
2023-04-11 23:35:44,569 [INFO] ServerAccessManage:473 - Download File stm32cube_db_v6030.zip
2023-04-11 23:35:52,166 [INFO] FileExtend:240 - Unzip File : stm32cube_db_v6030.zip
2023-04-11 23:35:52,166 [INFO] FileExtend:255 - Standard Zip Deflate
2023-04-11 23:35:56,384 [INFO] LoadServerPackagesThread:196 - End of LoadServerPackages Thread
2023-04-11 23:35:56,579 [INFO] CheckServerUpdateThread:120 - End of CheckServer Thread
2023-04-11 23:35:56,585 [INFO] MicroXplorer:468 - Change Database Path : C:/Users/Windows/.stm32cubemx/databases/DB.6.0.30/db/
2023-04-11 23:35:56,585 [INFO] MicroXplorer:498 - Change Database Version : DB.6.0.30
2023-04-11 23:35:56,585 [INFO] OpenFileManager:308 - Change cursor
2023-04-11 23:35:56,603 [INFO] Mcu:1937 - Initializing MCU STM32F103R(8-B)Tx STM32F103RBTx 
2023-04-11 23:35:56,676 [INFO] ApiDb:581 - Connected to CubeFinder SQLite database (C:\Users\Windows\.stmcufinder\plugins\mcufinder\mcu\cube-finder-db.db)
2023-04-11 23:35:56,752 [INFO] ApiDb:668 - CubeFinder database Data Model version=2.1
2023-04-11 23:35:56,752 [INFO] ApiDb:669 - CubeFinder database Configuration version=3.0.35
2023-04-11 23:35:56,753 [INFO] ApiDb:670 - CubeFinder database generation date=2023-03-10 (1678456172)
2023-04-11 23:35:56,753 [INFO] ApiDb:671 - CubeFinder database FW Pack versions=[FP-ATR-ASTRA1_V1.1.1, STM32Cube_FW_C0_V1.0.1, STM32Cube_FW_F0_V1.11.4, STM32Cube_FW_F3_V1.11.4, STM32Cube_FW_F4_V1.27.1, STM32Cube_FW_F7_V1.17.0, STM32Cube_FW_G0_V1.6.1, STM32Cube_FW_G4_V1.5.1, STM32Cube_FW_H5_V0.5.1, STM32Cube_FW_H5_V1.0.0, STM32Cube_FW_H7_V1.11.0, STM32Cube_FW_L0_V1.12.2, STM32Cube_FW_L5_V1.5.0, STM32Cube_FW_U5_V1.2.0, STM32Cube_FW_WBA_V1.0.0, STM32Cube_FW_WBA_V1.0.0RC1, STM32Cube_FW_WBA_V1.0.0RC3, STM32Cube_FW_WB_V1.15.0RC1, STM32Cube_FW_WB_V1.16.0, STM32Cube_FW_WB_V1.16.0RC2, STM32Cube_FW_WL_V1.3.0, X-CUBE-ALGOBUILD_V1.3.0, X-CUBE-ALS_V1.0.1, X-CUBE-AZRTOS-F4_V1.1.0, X-CUBE-AZRTOS-F7_V1.1.0, X-CUBE-AZRTOS-G0_V1.1.0, X-CUBE-AZRTOS-G4_V1.0.0, X-CUBE-AZRTOS-H7_V3.0.0, X-CUBE-AZRTOS-L4_V1.0.0, X-CUBE-AZRTOS-L5_V1.1.0, X-CUBE-AZRTOS-WB_V1.1.0, X-CUBE-AZRTOS-WL_V1.0.0, X-CUBE-BLE1_V6.2.4, X-CUBE-BLE2_V3.3.0, X-CUBE-BLEMGR_V1.3.0, X-CUBE-EEPRMA1_V4.1.0, X-CUBE-GNSS1_V6.0.0, X-CUBE-MEMS1_V9.1.0, X-CUBE-MEMS1_V9.4.0, X-CUBE-MEMS1_V9.5.0, X-CUBE-NFC4_V3.0.0, X-CUBE-NFC7_V1.0.0, X-CUBE-SFXS2LP1_V4.0.0, X-CUBE-SUBG2_V5.0.0]
2023-04-11 23:35:58,988 [INFO] ApiDb:240 - Found 297 in-development CPN: [B-G473E-ZEST1S, B-WB1M-WPAN1, B-WL5M-SUBG1, NUCLEO-C031C6, NUCLEO-H503RB, NUCLEO-H563ZI, NUCLEO-U545RE-Q, NUCLEO-U5A5ZJ-Q, NUCLEO-WBA52CG, STEVAL-PROTEUS1, STEVAL-STWINBX1, STM320518-EVAL, STM32C0116-DK, STM32C011D6Y3TR, STM32C011D6Y6TR, STM32C011F4P3, STM32C011F4P6, STM32C011F4U3, STM32C011F4U6TR, STM32C011F6P3, STM32C011F6P6, STM32C011F6U3, STM32C011F6U6TR, STM32C011J4M3, STM32C011J4M6, STM32C011J6M3, STM32C011J6M6, STM32C0316-DK, STM32C031C4T3, STM32C031C4T6, STM32C031C4U3, STM32C031C4U6, STM32C031C6T3, STM32C031C6T6, STM32C031C6U3, STM32C031C6U6, STM32C031F4P3, STM32C031F4P6, STM32C031F6P3, STM32C031F6P6, STM32C031G4U3, STM32C031G4U6, STM32C031G6U3, STM32C031G6U6, STM32C031K4T3, STM32C031K4T6, STM32C031K4U3, STM32C031K4U6, STM32C031K6T3, STM32C031K6T6, STM32C031K6U3, STM32C031K6U6, STM32G071K8TXN, STM32G071K8UXN, STM32G081GBU6N, STM32G081KBT6N, STM32G081KBUXN, STM32G0B1CCT6N, STM32G0B1KCT6, STM32G0B1NEY6TR, STM32G0B1RCT6N, STM32G0C1CCT6, STM32G0C1CCT6N, STM32G0C1CCU6N, STM32G0C1CET6N, STM32G0C1CEU6N, STM32G0C1KCT6, STM32G0C1NEY6TR, STM32G0C1RCI6N, STM32G0C1RCT6N, STM32G0C1REI6N, STM32G0C1RET6N, STM32G0C1VCI6, STM32G0C1VEI6, STM32G471CCT6, STM32G471CCU6, STM32G471CET3, STM32G471CET6, STM32G471CEU3, STM32G471CEU6, STM32G471MCT6, STM32G471MET3, STM32G471MET6, STM32G471MEY6TR, STM32G471QCT6, STM32G471QET3, STM32G471RCT6, STM32G471RET3, STM32G471RET6, STM32G471VCH6, STM32G471VCI6, STM32G471VCT6, STM32G471VEH3, STM32G471VEH6, STM32G471VEI3, STM32G471VEI6, STM32G471VET3, STM32G471VET6, STM32G474CCT6, STM32H503CBT6, STM32H503CBU6, STM32H503EBY6TR, STM32H503KBU6, STM32H503RBT6, STM32H562AGI6, STM32H562AII6, STM32H562IGK6, STM32H562IGT6, STM32H562IIK6, STM32H562IIT6, STM32H562RGT6, STM32H562RGV6, STM32H562RIT6, STM32H562RIV6, STM32H562VGT6, STM32H562VIT6, STM32H562ZGT6, STM32H562ZIT6, STM32H563AGI6, STM32H563AII3Q, STM32H563AII6, STM32H563IGK6, STM32H563IGT6, STM32H563IIK3Q, STM32H563IIK6, STM32H563IIT3Q, STM32H563IIT6, STM32H563MIY3QTR, STM32H563RGT6, STM32H563RGV6, STM32H563RIT6, STM32H563RIV6, STM32H563VGT6, STM32H563VIT3Q, STM32H563VIT6, STM32H563ZGT6, STM32H563ZIT3Q, STM32H563ZIT6, STM32H573AII3Q, STM32H573AII6, STM32H573I-DK, STM32H573IIK3Q, STM32H573IIK6, STM32H573IIT3Q, STM32H573IIT6, STM32H573MIY3QTR, STM32H573RIT6, STM32H573RIV6, STM32H573VIT3Q, STM32H573VIT6, STM32H573ZIT3Q, STM32H573ZIT6, STM32L4R5QGI6STR, STM32MP131AAE3, STM32MP131AAF3, STM32MP131AAG3, STM32MP131CAE3, STM32MP131CAF3, STM32MP131CAG3, STM32MP131DAE7, STM32MP131DAF7, STM32MP131DAG7, STM32MP131FAE7, STM32MP131FAF7, STM32MP131FAG7, STM32MP133AAE3, STM32MP133AAF3, STM32MP133AAG3, STM32MP133CAE3, STM32MP133CAF3, STM32MP133CAG3, STM32MP133DAE7, STM32MP133DAF7, STM32MP133DAG7, STM32MP133FAE7, STM32MP133FAF7, STM32MP133FAG7, STM32MP135AAE3, STM32MP135AAF3, STM32MP135AAG3, STM32MP135CAE3, STM32MP135CAF3, STM32MP135CAG3, STM32MP135DAE7, STM32MP135DAF7, STM32MP135DAG7, STM32MP135F-DK, STM32MP135FAE7, STM32MP135FAF7, STM32MP135FAF7T, STM32MP135FAF7U, STM32MP135FAG7, STM32U535CBT6, STM32U535CBT6Q, STM32U535CBU6, STM32U535CBU6Q, STM32U535CCT6, STM32U535CCT6Q, STM32U535CCU6, STM32U535CCU6Q, STM32U535CET6, STM32U535CET6Q, STM32U535CEU6, STM32U535CEU6Q, STM32U535JEY6QTR, STM32U535NCY6QTR, STM32U535NEY6QTR, STM32U535RBI6, STM32U535RBI6Q, STM32U535RBT6, STM32U535RBT6Q, STM32U535RCI6, STM32U535RCI6Q, STM32U535RCT6, STM32U535RCT6Q, STM32U535REI6, STM32U535REI6Q, STM32U535RET6, STM32U535RET6Q, STM32U535VCI6, STM32U535VCI6Q, STM32U535VCT6, STM32U535VCT6Q, STM32U535VEI6, STM32U535VEI6Q, STM32U535VET6, STM32U535VET6Q, STM32U545CET6, STM32U545CET6Q, STM32U545CEU6, STM32U545CEU6Q, STM32U545JEY6QTR, STM32U545NEY6QTR, STM32U545REI6, STM32U545REI6Q, STM32U545RET6, STM32U545RET6Q, STM32U545VEI6, STM32U545VEI6Q, STM32U545VET6, STM32U545VET6Q, STM32U595AIH6, STM32U595AIH6Q, STM32U595AJH6, STM32U595AJH6Q, STM32U595QII6, STM32U595QII6Q, STM32U595QJI6, STM32U595QJI6Q, STM32U595RIT6, STM32U595RIT6Q, STM32U595RJT6, STM32U595RJT6Q, STM32U595VIT6, STM32U595VIT6Q, STM32U595VJT6, STM32U595VJT6Q, STM32U595ZIT6, STM32U595ZIT6Q, STM32U595ZIY6QTR, STM32U595ZJT6, STM32U595ZJT6Q, STM32U595ZJY6QTR, STM32U599BJY6QTR, STM32U599NIH6Q, STM32U599NJH6Q, STM32U599VIT6Q, STM32U599VJT6, STM32U599VJT6Q, STM32U599ZIT6Q, STM32U599ZIY6QTR, STM32U599ZJT6Q, STM32U599ZJY6QTR, STM32U5A5AJH6, STM32U5A5AJH6Q, STM32U5A5QJI6, STM32U5A5QJI6Q, STM32U5A5RJT6, STM32U5A5RJT6Q, STM32U5A5VJT6, STM32U5A5VJT6Q, STM32U5A5ZJT6, STM32U5A5ZJT6Q, STM32U5A5ZJY6QTR, STM32U5A9BJY6QTR, STM32U5A9J-DK, STM32U5A9NJH6Q, STM32U5A9VJT6Q, STM32U5A9ZJT6Q, STM32U5A9ZJY6QTR, STM32WB1MMCH6, STM32WBA52CEU6, STM32WBA52CEU6T, STM32WBA52CGU6, STM32WBA52CGU6T, STM32WL5MOCH6, STM32WL5MOCH6TR]
2023-04-11 23:35:58,991 [INFO] DbMcus:216 - Found 3775 MCUs, 3775 are supported
2023-04-11 23:35:58,994 [INFO] ApiDb:423 - Load user favorites file C:\Users\Windows/.stm32cubeide/favorites.mcus.txt: 0 item(s)
2023-04-11 23:35:58,994 [INFO] ApiDb:427 - User favorites MCUs=[]
2023-04-11 23:35:58,994 [INFO] DbMcus:222 - Set 0 / 0 favorites MCUs
2023-04-11 23:35:59,332 [INFO] Mcu:1950 - No CPN specified => set CPN to STM32F103RBT6
2023-04-11 23:35:59,902 [INFO] Context:659 - Trying to add GPIOservice into a context  which must be forbidden
2023-04-11 23:36:00,338 [INFO] RtosManager:555 - Registered RTOS mode: class=CMSIS, group=RTOS, mode=CMSIS_V1, owner=FREERTOS
2023-04-11 23:36:00,338 [INFO] RtosManager:555 - Registered RTOS mode: class=CMSIS, group=RTOS2, mode=CMSIS_V2, owner=FREERTOS
2023-04-11 23:36:00,339 [INFO] RtosManager:555 - Registered RTOS mode: class=RTOS, group=Core, mode=CMSIS_V1, owner=FREERTOS
2023-04-11 23:36:00,339 [INFO] RtosManager:555 - Registered RTOS mode: class=RTOS, group=Core, mode=CMSIS_V2, owner=FREERTOS
2023-04-11 23:36:00,339 [WARN] ModelIntegratedComponent:184 - Missing modes for component STMicroelectronics:FreeRTOS:0.0.1:STMicroelectronics:RTOS:FreeRTOS:Core:::10.2.0:
2023-04-11 23:36:00,354 [WARN] ModelIntegratedComponent:63 - No mode defined for component null
2023-04-11 23:36:00,354 [WARN] ModelIntegratedComponent:63 - No mode defined for component null
2023-04-11 23:36:00,354 [WARN] ModelIntegratedComponent:63 - No mode defined for component null
2023-04-11 23:36:00,354 [WARN] ModelIntegratedComponent:63 - No mode defined for component null
2023-04-11 23:36:00,354 [WARN] ModelIntegratedComponent:63 - No mode defined for component null
2023-04-11 23:36:00,354 [WARN] ModelIntegratedComponent:63 - No mode defined for component null
2023-04-11 23:36:00,354 [WARN] ModelIntegratedComponent:63 - No mode defined for component null
2023-04-11 23:36:00,354 [WARN] ModelIntegratedComponent:63 - No mode defined for component null
2023-04-11 23:36:00,354 [WARN] ModelIntegratedComponent:63 - No mode defined for component null
2023-04-11 23:36:00,355 [WARN] ModelIntegratedComponent:63 - No mode defined for component null
2023-04-11 23:36:00,355 [WARN] ModelIntegratedComponent:63 - No mode defined for component null
2023-04-11 23:36:00,355 [WARN] ModelIntegratedComponent:63 - No mode defined for component null
2023-04-11 23:36:00,355 [WARN] ModelIntegratedComponent:63 - No mode defined for component null
2023-04-11 23:36:00,355 [WARN] ModelIntegratedComponent:63 - No mode defined for component null
2023-04-11 23:36:00,355 [WARN] ModelIntegratedComponent:63 - No mode defined for component null
2023-04-11 23:36:00,355 [WARN] ModelIntegratedComponent:63 - No mode defined for component null
2023-04-11 23:36:00,355 [WARN] ModelIntegratedComponent:63 - No mode defined for component null
2023-04-11 23:36:00,355 [WARN] ModelIntegratedComponent:63 - No mode defined for component null
2023-04-11 23:36:00,355 [WARN] ModelIntegratedComponent:63 - No mode defined for component null
2023-04-11 23:36:00,355 [WARN] ModelIntegratedComponent:63 - No mode defined for component null
2023-04-11 23:36:00,355 [WARN] ModelIntegratedComponent:63 - No mode defined for component null
2023-04-11 23:36:00,355 [WARN] ModelIntegratedComponent:63 - No mode defined for component null
2023-04-11 23:36:00,355 [WARN] ModelIntegratedComponent:63 - No mode defined for component null
2023-04-11 23:36:00,355 [WARN] ModelIntegratedComponent:63 - No mode defined for component null
2023-04-11 23:36:00,355 [WARN] ModelIntegratedComponent:63 - No mode defined for component null
2023-04-11 23:36:00,355 [WARN] ModelIntegratedComponent:63 - No mode defined for component null
2023-04-11 23:36:00,356 [WARN] ModelIntegratedComponent:63 - No mode defined for component null
2023-04-11 23:36:00,356 [WARN] ModelIntegratedComponent:63 - No mode defined for component null
2023-04-11 23:36:00,356 [WARN] ModelIntegratedComponent:63 - No mode defined for component null
2023-04-11 23:36:00,356 [WARN] ModelIntegratedComponent:63 - No mode defined for component null
2023-04-11 23:36:00,356 [WARN] ModelIntegratedComponent:63 - No mode defined for component null
2023-04-11 23:36:00,356 [WARN] ModelIntegratedComponent:63 - No mode defined for component null
2023-04-11 23:36:00,356 [WARN] ModelIntegratedComponent:63 - No mode defined for component null
2023-04-11 23:36:00,726 [INFO] ThirdPartyModel:298 - Start build external matchings
2023-04-11 23:36:02,734 [INFO] ThirdPartyModel:316 - End build external matchings
2023-04-11 23:36:02,920 [INFO] UtilMem:75 - End LoadConfig() Used Memory: 416454424 Bytes (1073741824)
2023-04-11 23:36:03,046 [WARN] ThirdParty:833 - waiting for thirdparty lock release [change project]
2023-04-11 23:36:03,046 [INFO] ThirdParty:835 - entering critical section [change project]
2023-04-11 23:36:03,046 [INFO] ThirdParty:1030 - CMSIS Pack Vendor :STMicroelectronics X-CUBE-ISPU 1.1.0
2023-04-11 23:36:03,046 [INFO] ThirdParty:1030 - CMSIS Pack Vendor :RoweBots I-CUBE-UNISONRTOS 5.5.0-4
2023-04-11 23:36:03,046 [INFO] ThirdParty:1030 - CMSIS Pack Vendor :STMicroelectronics X-CUBE-GNSS1 6.0.0
2023-04-11 23:36:03,046 [INFO] ThirdParty:1030 - CMSIS Pack Vendor :STMicroelectronics X-CUBE-AZRTOS-H7 2.1.0
2023-04-11 23:36:03,047 [INFO] ThirdParty:1030 - CMSIS Pack Vendor :STMicroelectronics USB_HOST 2.0.0
2023-04-11 23:36:03,047 [INFO] ThirdParty:1030 - CMSIS Pack Vendor :STMicroelectronics X-CUBE-AZRTOS-F4 1.1.0
2023-04-11 23:36:03,047 [INFO] ThirdParty:1030 - CMSIS Pack Vendor :STMicroelectronics LIBJPEG 8.0.0
2023-04-11 23:36:03,047 [INFO] ThirdParty:1030 - CMSIS Pack Vendor :STMicroelectronics X-CUBE-SMBUS 2.1.0
2023-04-11 23:36:03,047 [INFO] ThirdParty:1030 - CMSIS Pack Vendor :STMicroelectronics USB_DEVICE 3.0.0
2023-04-11 23:36:03,047 [INFO] ThirdParty:1030 - CMSIS Pack Vendor :STMicroelectronics X-CUBE-AI 8.0.0
2023-04-11 23:36:03,047 [INFO] ThirdParty:1030 - CMSIS Pack Vendor :STMicroelectronics X-CUBE-FREERTOS 1.0.0
2023-04-11 23:36:03,047 [INFO] ThirdParty:1030 - CMSIS Pack Vendor :STMicroelectronics X-CUBE-FREERTOS 1.0.1
2023-04-11 23:36:03,047 [INFO] ThirdParty:1030 - CMSIS Pack Vendor :STMicroelectronics X-CUBE-TOUCHGFX 4.21.0
2023-04-11 23:36:03,047 [INFO] ThirdParty:1030 - CMSIS Pack Vendor :STMicroelectronics X-CUBE-TOUCHGFX 4.21.3
2023-04-11 23:36:03,047 [INFO] ThirdParty:1030 - CMSIS Pack Vendor :STMicroelectronics X-CUBE-BLEMGR 1.2.0
2023-04-11 23:36:03,047 [INFO] ThirdParty:1030 - CMSIS Pack Vendor :STMicroelectronics X-CUBE-AZRTOS-F7 1.1.0
2023-04-11 23:36:03,047 [INFO] ThirdParty:1030 - CMSIS Pack Vendor :STMicroelectronics X-CUBE-MEMS1 9.4.0
2023-04-11 23:36:03,047 [INFO] ThirdParty:1030 - CMSIS Pack Vendor :STMicroelectronics USB_DEVICE 2.0.0
2023-04-11 23:36:03,047 [INFO] ThirdParty:1030 - CMSIS Pack Vendor :STMicroelectronics X-CUBE-AI 7.3.0
2023-04-11 23:36:03,047 [INFO] ThirdParty:1030 - CMSIS Pack Vendor :STMicroelectronics X-CUBE-BLE1 6.2.3
2023-04-11 23:36:03,047 [INFO] ThirdParty:1030 - CMSIS Pack Vendor :STMicroelectronics X-CUBE-ALGOBUILD 1.3.0
2023-04-11 23:36:03,048 [INFO] ThirdParty:1030 - CMSIS Pack Vendor :STMicroelectronics X-CUBE-BLE1 6.2.4
2023-04-11 23:36:03,048 [INFO] ThirdParty:1030 - CMSIS Pack Vendor :STMicroelectronics X-CUBE-AZRTOS-L5 1.1.0
2023-04-11 23:36:03,048 [INFO] ThirdParty:1030 - CMSIS Pack Vendor :STMicroelectronics FreeRTOS 0.0.1
2023-04-11 23:36:03,048 [INFO] ThirdParty:1030 - CMSIS Pack Vendor :emotas I-CUBE-CANOPEN 1.1.3
2023-04-11 23:36:03,048 [INFO] ThirdParty:1030 - CMSIS Pack Vendor :STMicroelectronics X-CUBE-AZRTOS-G0 1.1.0
2023-04-11 23:36:03,048 [INFO] ThirdParty:1030 - CMSIS Pack Vendor :STMicroelectronics X-CUBE-BLEMGR 2.0.0
2023-04-11 23:36:03,048 [INFO] ThirdParty:1030 - CMSIS Pack Vendor :STMicroelectronics X-CUBE-SUBG2 5.0.0
2023-04-11 23:36:03,048 [INFO] ThirdParty:1030 - CMSIS Pack Vendor :STMicroelectronics X-CUBE-NFC4 3.0.0
2023-04-11 23:36:03,048 [INFO] ThirdParty:1030 - CMSIS Pack Vendor :STMicroelectronics STM32_WPAN 1.0.0
2023-04-11 23:36:03,048 [INFO] ThirdParty:1030 - CMSIS Pack Vendor :SEGGER I-CUBE-embOS 1.2.1
2023-04-11 23:36:03,048 [INFO] ThirdParty:1030 - CMSIS Pack Vendor :STMicroelectronics lwIP 2.0.3
2023-04-11 23:36:03,048 [INFO] ThirdParty:1030 - CMSIS Pack Vendor :STMicroelectronics X-CUBE-NFC4 2.0.5
2023-04-11 23:36:03,048 [INFO] ThirdParty:1030 - CMSIS Pack Vendor :STMicroelectronics USB_HOST 1.0.0
2023-04-11 23:36:03,048 [INFO] ThirdParty:1030 - CMSIS Pack Vendor :STMicroelectronics PDM2PCM 3.1.0
2023-04-11 23:36:03,048 [INFO] ThirdParty:1030 - CMSIS Pack Vendor :STMicroelectronics X-CUBE-AZRTOS-H7 3.1.0
2023-04-11 23:36:03,048 [INFO] ThirdParty:1030 - CMSIS Pack Vendor :STMicroelectronics X-CUBE-TOF1 3.3.0
2023-04-11 23:36:03,048 [INFO] ThirdParty:1030 - CMSIS Pack Vendor :STMicroelectronics FP-ATR-ASTRA1 1.1.1
2023-04-11 23:36:03,049 [INFO] ThirdParty:1030 - CMSIS Pack Vendor :STMicroelectronics PDM2PCM 3.3.0
2023-04-11 23:36:03,049 [INFO] ThirdParty:1030 - CMSIS Pack Vendor :STMicroelectronics X-CUBE-DISPLAY 3.0.0
2023-04-11 23:36:03,049 [INFO] ThirdParty:1030 - CMSIS Pack Vendor :STMicroelectronics X-CUBE-BLEMGR 1.3.0
2023-04-11 23:36:03,049 [INFO] ThirdParty:1030 - CMSIS Pack Vendor :wolfSSL I-CUBE-wolfSSL 5.5.3
2023-04-11 23:36:03,049 [INFO] ThirdParty:1030 - CMSIS Pack Vendor :STMicroelectronics X-CUBE-AZRTOS-G4 1.0.0
2023-04-11 23:36:03,049 [INFO] ThirdParty:1030 - CMSIS Pack Vendor :STMicroelectronics FP-ATR-SIGFOX1 3.2.0
2023-04-11 23:36:03,049 [INFO] ThirdParty:1030 - CMSIS Pack Vendor :STMicroelectronics X-CUBE-AZRTOS-L4 1.0.0
2023-04-11 23:36:03,049 [INFO] ThirdParty:1030 - CMSIS Pack Vendor :STMicroelectronics HAL Drivers 0.0.0
2023-04-11 23:36:03,049 [INFO] ThirdParty:1030 - CMSIS Pack Vendor :STMicroelectronics MBEDTLS 2.16.2
2023-04-11 23:36:03,049 [INFO] ThirdParty:1030 - CMSIS Pack Vendor :STMicroelectronics X-CUBE-TOUCHGFX 4.20.0
2023-04-11 23:36:03,049 [INFO] ThirdParty:1030 - CMSIS Pack Vendor :STMicroelectronics MBEDTLS 2.14.1
2023-04-11 23:36:03,049 [INFO] ThirdParty:1030 - CMSIS Pack Vendor :STMicroelectronics X-CUBE-NFC7 1.0.0
2023-04-11 23:36:03,049 [INFO] ThirdParty:1030 - CMSIS Pack Vendor :STMicroelectronics X-CUBE-AZRTOS-WL 1.0.0
2023-04-11 23:36:03,049 [INFO] ThirdParty:1030 - CMSIS Pack Vendor :STMicroelectronics X-CUBE-MEMS1 9.3.0
2023-04-11 23:36:03,049 [INFO] ThirdParty:1030 - CMSIS Pack Vendor :STMicroelectronics X-CUBE-EEPRMA1 4.1.0
2023-04-11 23:36:03,049 [INFO] ThirdParty:1030 - CMSIS Pack Vendor :portGmbH I-Cube-SoM-uGOAL 1.1.0
2023-04-11 23:36:03,049 [INFO] ThirdParty:1030 - CMSIS Pack Vendor :STMicroelectronics X-CUBE-ALS 1.0.1
2023-04-11 23:36:03,049 [INFO] ThirdParty:1030 - CMSIS Pack Vendor :STMicroelectronics X-CUBE-MEMS1 9.5.0
2023-04-11 23:36:03,049 [INFO] ThirdParty:1030 - CMSIS Pack Vendor :STMicroelectronics ThreadX 1.0.0
2023-04-11 23:36:03,050 [INFO] ThirdParty:1030 - CMSIS Pack Vendor :STMicroelectronics X-CUBE-AZRTOS-WB 1.1.0
2023-04-11 23:36:03,050 [INFO] ThirdParty:1030 - CMSIS Pack Vendor :SEGGER I-CUBE-embOS 1.3.1
2023-04-11 23:36:03,050 [INFO] ThirdParty:1030 - CMSIS Pack Vendor :STMicroelectronics X-CUBE-AZRTOS-L5 1.0.0
2023-04-11 23:36:03,050 [INFO] ThirdParty:1030 - CMSIS Pack Vendor :STMicroelectronics USB_DEVICE 1.0.0
2023-04-11 23:36:03,050 [INFO] ThirdParty:1030 - CMSIS Pack Vendor :STMicroelectronics X-CUBE-EEPRMA1 3.1.1
2023-04-11 23:36:03,050 [INFO] ThirdParty:1030 - CMSIS Pack Vendor :STMicroelectronics ThreadX 0.0.2
2023-04-11 23:36:03,050 [INFO] ThirdParty:1030 - CMSIS Pack Vendor :WES I-CUBE-Cesium 1.3.0
2023-04-11 23:36:03,050 [INFO] ThirdParty:1030 - CMSIS Pack Vendor :STMicroelectronics FP-ATR-ASTRA1 2.0.0
2023-04-11 23:36:03,050 [INFO] ThirdParty:1030 - CMSIS Pack Vendor :STMicroelectronics lwIP 2.1.2
2023-04-11 23:36:03,050 [INFO] ThirdParty:1030 - CMSIS Pack Vendor :STMicroelectronics X-CUBE-SFXS2LP1 4.0.0
2023-04-11 23:36:03,050 [INFO] ThirdParty:1030 - CMSIS Pack Vendor :STMicroelectronics X-CUBE-BLE2 3.3.0
2023-04-11 23:36:03,050 [INFO] ThirdParty:1030 - CMSIS Pack Vendor :STMicroelectronics X-CUBE-DISPLAY 2.2.0
2023-04-11 23:36:03,050 [INFO] ThirdParty:1030 - CMSIS Pack Vendor :STMicroelectronics X-CUBE-TOF1 3.2.0
2023-04-11 23:36:03,050 [INFO] ThirdParty:1030 - CMSIS Pack Vendor :STMicroelectronics PDM2PCM 3.2.0
2023-04-11 23:36:03,050 [INFO] ThirdParty:1030 - CMSIS Pack Vendor :STMicroelectronics X-CUBE-AZRTOS-H7 3.0.0
2023-04-11 23:36:03,050 [INFO] ThirdParty:841 - exiting critical section [change project]
2023-04-11 23:36:03,319 [INFO] PinOutPanel:1499 - setPackage(No Configuration,No Configuration)
2023-04-11 23:36:03,320 [INFO] PinOutPanel:1499 - setPackage(STM32F103RBTx,LQFP64)
2023-04-11 23:36:03,687 [INFO] UtilMem:75 - Before build in PCC Used Memory: 309088336 Bytes (1073741824)
2023-04-11 23:36:04,174 [INFO] UtilMem:75 - After build in PCC Used Memory: 515623632 Bytes (1073741824)
2023-04-11 23:36:04,203 [INFO] IPUIPlugin:80 - create IPUIPlugin
2023-04-11 23:36:04,203 [INFO] IPUIPlugin:80 - create IPUIPlugin
2023-04-11 23:36:04,204 [INFO] IPUIPlugin:80 - create IPUIPlugin
2023-04-11 23:36:04,204 [INFO] IPUIPlugin:80 - create IPUIPlugin
2023-04-11 23:36:04,204 [INFO] IPUIPlugin:80 - create IPUIPlugin
2023-04-11 23:36:04,204 [INFO] IPUIPlugin:80 - create IPUIPlugin
2023-04-11 23:36:04,204 [INFO] IPUIPlugin:80 - create IPUIPlugin
2023-04-11 23:36:04,204 [INFO] IPUIPlugin:80 - create IPUIPlugin
2023-04-11 23:36:04,204 [INFO] IPUIPlugin:80 - create IPUIPlugin
2023-04-11 23:36:04,205 [INFO] IPUIPlugin:80 - create IPUIPlugin
2023-04-11 23:36:04,205 [INFO] IPUIPlugin:80 - create IPUIPlugin
2023-04-11 23:36:04,205 [INFO] IPUIPlugin:80 - create IPUIPlugin
2023-04-11 23:36:04,205 [INFO] IPUIPlugin:80 - create IPUIPlugin
2023-04-11 23:36:04,205 [INFO] IPUIPlugin:80 - create IPUIPlugin
2023-04-11 23:36:04,206 [INFO] IPUIPlugin:80 - create IPUIPlugin
2023-04-11 23:36:04,206 [INFO] IPUIPlugin:80 - create IPUIPlugin
2023-04-11 23:36:04,206 [INFO] IPUIPlugin:80 - create IPUIPlugin
2023-04-11 23:36:04,207 [INFO] IPUIPlugin:80 - create IPUIPlugin
2023-04-11 23:36:04,207 [INFO] IPUIPlugin:80 - create IPUIPlugin
2023-04-11 23:36:04,207 [INFO] IPUIPlugin:80 - create IPUIPlugin
2023-04-11 23:36:04,207 [INFO] IPUIPlugin:80 - create IPUIPlugin
2023-04-11 23:36:04,208 [INFO] IPUIPlugin:80 - create IPUIPlugin
2023-04-11 23:36:04,208 [INFO] IPUIPlugin:80 - create IPUIPlugin
2023-04-11 23:36:04,208 [INFO] IPUIPlugin:80 - create IPUIPlugin
2023-04-11 23:36:04,209 [INFO] IPUIPlugin:80 - create IPUIPlugin
2023-04-11 23:36:04,209 [INFO] IPUIPlugin:80 - create IPUIPlugin
2023-04-11 23:36:04,209 [INFO] IPUIPlugin:80 - create IPUIPlugin
2023-04-11 23:36:04,217 [WARN] IP:2113 - I2C_Coeff_DF not found: check if there is a RefParameter without a condition.
2023-04-11 23:36:04,217 [WARN] IP:2113 - Analog_Filter not found: check if there is a RefParameter without a condition.
2023-04-11 23:36:04,387 [INFO] CADModel:165 - CPN selected for project levelSTM32F103RBT6
2023-04-11 23:36:04,387 [INFO] CADModel:114 - Register for checkConnection events
2023-04-11 23:36:04,425 [INFO] OpenFileManager:328 - Restore cursor
2023-04-11 23:36:04,568 [WARN] IP:2113 - I2C_Coeff_DF not found: check if there is a RefParameter without a condition.
2023-04-11 23:36:04,568 [WARN] IP:2113 - Analog_Filter not found: check if there is a RefParameter without a condition.
2023-04-11 23:36:04,569 [WARN] IP:2113 - I2C_Coeff_DF not found: check if there is a RefParameter without a condition.
2023-04-11 23:36:04,569 [WARN] IP:2113 - Analog_Filter not found: check if there is a RefParameter without a condition.
2023-04-11 23:36:15,294 [INFO] NvicIntPanel:101 - NVIC parent = com.st.microxplorer.plugins.ip.nvic.MultiNvicIntPanel[,0,0,0x0,invalid,layout=javax.swing.BoxLayout,alignmentX=0.0,alignmentY=0.0,border=,flags=9,maximumSize=,minimumSize=,preferredSize=]
2023-04-11 23:47:46,022 [WARN] IP:2113 - I2C_Coeff_DF not found: check if there is a RefParameter without a condition.
2023-04-11 23:47:46,022 [WARN] IP:2113 - Analog_Filter not found: check if there is a RefParameter without a condition.
2023-04-11 23:47:46,022 [WARN] IP:2113 - I2C_Coeff_DF not found: check if there is a RefParameter without a condition.
2023-04-11 23:47:46,022 [WARN] IP:2113 - Analog_Filter not found: check if there is a RefParameter without a condition.
2023-04-11 23:47:50,213 [INFO] NvicIntPanel:101 - NVIC parent = com.st.microxplorer.plugins.ip.nvic.MultiNvicIntPanel[,0,0,501x182,layout=javax.swing.BoxLayout,alignmentX=0.0,alignmentY=0.0,border=,flags=9,maximumSize=,minimumSize=,preferredSize=]
